<?xml version="1.0" encoding="UTF-8"?>
<!-- Generated by org.testng.reporters.JUnitReportReporter -->
<testsuite skipped="0" hostname="LAPTOP-O63BD39D" name="TestCases.LoginTest" tests="1" failures="0" timestamp="29 May 2020 12:52:58 GMT" time="20.477" errors="0">
  <testcase name="loginTest" time="20.477" classname="TestCases.LoginTest"/>
</testsuite> <!-- TestCases.LoginTest -->
